Using pre-set license

 COMMAND LINE ARGUMENTS:
/Volumes/GameDev/2020.3.10f1/Unity.app/Contents/MacOS/Unity
-adb2
-batchMode
-noUpm
-name
AssetImportWorker0
-projectPath
/Users/brendanboursiquot/Desktop/WORK/VC/ForgeFX-RobotAbuseMiniProject/ForgeFX-MiniProject
-logFile
Logs/AssetImportWorker0.log
-srvPort
50423
Successfully changed project path to: /Users/brendanboursiquot/Desktop/WORK/VC/ForgeFX-RobotAbuseMiniProject/ForgeFX-MiniProject
/Users/brendanboursiquot/Desktop/WORK/VC/ForgeFX-RobotAbuseMiniProject/ForgeFX-MiniProject
Using Asset Import Pipeline V2.
Refreshing native plugins compatible for Editor in 34.76 ms, found 2 plugins.
Preloading 0 native plugins for Editor in 0.00 ms.
Initialize engine version: 2020.3.10f1 (297d780c91bc)
[Subsystems] Discovering subsystems at path /Volumes/GameDev/2020.3.10f1/Unity.app/Contents/Resources/UnitySubsystems
[Subsystems] Discovering subsystems at path /Users/brendanboursiquot/Desktop/WORK/VC/ForgeFX-RobotAbuseMiniProject/ForgeFX-MiniProject/Assets
GfxDevice: creating device client; threaded=0
2021-08-18 19:54:52.101 Unity[4354:27202] Color LCD preferred device: Intel(R) Iris(TM) Plus Graphics 640 (low power)
2021-08-18 19:54:52.101 Unity[4354:27202] Metal devices available: 1
2021-08-18 19:54:52.101 Unity[4354:27202] 0: Intel(R) Iris(TM) Plus Graphics 640 (low power)
2021-08-18 19:54:52.101 Unity[4354:27202] Using device Intel(R) Iris(TM) Plus Graphics 640 (low power)
Initializing Metal device caps: Intel(R) Iris(TM) Plus Graphics 640
Initialize mono
Mono path[0] = '/Volumes/GameDev/2020.3.10f1/Unity.app/Contents/Managed'
Mono path[1] = '/Volumes/GameDev/2020.3.10f1/Unity.app/Contents/MonoBleedingEdge/lib/mono/unityjit'
Mono config path = '/Volumes/GameDev/2020.3.10f1/Unity.app/Contents/MonoBleedingEdge/etc'
Using monoOptions --debugger-agent=transport=dt_socket,embedding=1,server=y,suspend=n,address=127.0.0.1:56354
Begin MonoManager ReloadAssembly
Registering precompiled unity dll's ...
Register platform support module: /Volumes/GameDev/2020.3.10f1/PlaybackEngines/WebGLSupport/UnityEditor.WebGL.Extensions.dll
Register platform support module: /Volumes/GameDev/2020.3.10f1/Unity.app/Contents/PlaybackEngines/MacStandaloneSupport/UnityEditor.OSXStandalone.Extensions.dll
Registered in 0.000638 seconds.
Native extension for OSXStandalone target not found
Native extension for WebGL target not found
Refreshing native plugins compatible for Editor in 30.84 ms, found 2 plugins.
Preloading 0 native plugins for Editor in 0.00 ms.
Mono: successfully reloaded assembly
- Completed reload, in  1.529 seconds
Platform modules already initialized, skipping
Registering precompiled user dll's ...
Registered in 0.004224 seconds.
Begin MonoManager ReloadAssembly
Native extension for OSXStandalone target not found
Native extension for WebGL target not found
Refreshing native plugins compatible for Editor in 0.45 ms, found 2 plugins.
Preloading 0 native plugins for Editor in 0.00 ms.
Mono: successfully reloaded assembly
- Completed reload, in  1.338 seconds
Platform modules already initialized, skipping
========================================================================
Worker process is ready to serve import requests
Launching external process: /Volumes/GameDev/2020.3.10f1/Unity.app/Contents/Tools/UnityShaderCompiler
Launched and connected shader compiler UnityShaderCompiler after 0.01 seconds
Refreshing native plugins compatible for Editor in 0.79 ms, found 2 plugins.
Preloading 0 native plugins for Editor in 0.00 ms.
Unloading 1497 Unused Serialized files (Serialized files now loaded: 0)
System memory in use before: 137.0 MB.
System memory in use after: 137.1 MB.

Unloading 31 unused Assets to reduce memory usage. Loaded Objects now: 1919.
Total: 2.081618 ms (FindLiveObjects: 0.204079 ms CreateObjectMapping: 0.049616 ms MarkObjects: 1.752809 ms  DeleteObjects: 0.073953 ms)

========================================================================
Received Import Request.
  path: Assets/Example/Example.unity
  artifactKey: Guid(1fb3b9ce44d1e94419f0063ff9b7d798) Importer(815301076,1909f56bfc062723c751e8b465ee728b)
Start importing Assets/Example/Example.unity using Guid(1fb3b9ce44d1e94419f0063ff9b7d798) Importer(815301076,1909f56bfc062723c751e8b465ee728b)  -> (artifact id: '0bba6ae4c9dbbf24985764e3e824ce94') in 0.010814 seconds
  Import took 0.013217 seconds .

========================================================================
Received Import Request.
  Time since last request: 0.000217 seconds.
  path: Assets/Example/Scripts/Grabber.cs
  artifactKey: Guid(9b6c843c19bbc9a429f66887d8a414bc) Importer(815301076,1909f56bfc062723c751e8b465ee728b)
Start importing Assets/Example/Scripts/Grabber.cs using Guid(9b6c843c19bbc9a429f66887d8a414bc) Importer(815301076,1909f56bfc062723c751e8b465ee728b)  -> (artifact id: '5578c25fcd31e31de1b18fdba0790712') in 0.790279 seconds
  Import took 0.793069 seconds .

========================================================================
Received Import Request.
  Time since last request: 0.000218 seconds.
  path: Assets/Example/Scripts/Grabbable.cs
  artifactKey: Guid(a54eeedab6374ec0a5c36ac474fc44cd) Importer(815301076,1909f56bfc062723c751e8b465ee728b)
Start importing Assets/Example/Scripts/Grabbable.cs using Guid(a54eeedab6374ec0a5c36ac474fc44cd) Importer(815301076,1909f56bfc062723c751e8b465ee728b)  -> (artifact id: 'f5af6ac8e88844f872212a14e3ee1539') in 0.003486 seconds
  Import took 0.006119 seconds .

========================================================================
Received Import Request.
  Time since last request: 0.000198 seconds.
  path: Assets/Example/Scripts/Highlight.cs
  artifactKey: Guid(4f94e6eeef1a44aab8481f0e433868b7) Importer(815301076,1909f56bfc062723c751e8b465ee728b)
Start importing Assets/Example/Scripts/Highlight.cs using Guid(4f94e6eeef1a44aab8481f0e433868b7) Importer(815301076,1909f56bfc062723c751e8b465ee728b)  -> (artifact id: 'bca4745dc66b524dbc004079e2368847') in 0.003397 seconds
  Import took 0.006046 seconds .

========================================================================
Received Import Request.
  Time since last request: 0.000235 seconds.
  path: Assets/Example/Scripts/AttachPoint.cs
  artifactKey: Guid(073046d8cd714396a5c6c05b00e7f705) Importer(815301076,1909f56bfc062723c751e8b465ee728b)
Start importing Assets/Example/Scripts/AttachPoint.cs using Guid(073046d8cd714396a5c6c05b00e7f705) Importer(815301076,1909f56bfc062723c751e8b465ee728b)  -> (artifact id: '0d422438e3c5e45d9f982b3499ec366f') in 0.003480 seconds
  Import took 0.005977 seconds .

========================================================================
Received Import Request.
  Time since last request: 0.000192 seconds.
  path: Assets/Example
  artifactKey: Guid(8646765b58b62a240ac59d9dc815d185) Importer(815301076,1909f56bfc062723c751e8b465ee728b)
Start importing Assets/Example using Guid(8646765b58b62a240ac59d9dc815d185) Importer(815301076,1909f56bfc062723c751e8b465ee728b)  -> (artifact id: 'a7edaf133b99f2cb87c7ce3155d6ed75') in 0.000979 seconds
  Import took 0.003439 seconds .

========================================================================
Received Import Request.
  Time since last request: 0.000174 seconds.
  path: Assets/Example/Scripts
  artifactKey: Guid(c07478a29b3ec2c478bc1f3bdf3516da) Importer(815301076,1909f56bfc062723c751e8b465ee728b)
Start importing Assets/Example/Scripts using Guid(c07478a29b3ec2c478bc1f3bdf3516da) Importer(815301076,1909f56bfc062723c751e8b465ee728b)  -> (artifact id: '61343697049128ac391598a9797e0616') in 0.000846 seconds
  Import took 0.003427 seconds .

========================================================================
Received Import Request.
  Time since last request: 0.000199 seconds.
  path: Assets/Example/Scripts/Example.asmdef
  artifactKey: Guid(497c812a51f406c4699baa01ae691d59) Importer(815301076,1909f56bfc062723c751e8b465ee728b)
Start importing Assets/Example/Scripts/Example.asmdef using Guid(497c812a51f406c4699baa01ae691d59) Importer(815301076,1909f56bfc062723c751e8b465ee728b)  -> (artifact id: '2bf234307489ff4933a7a361218659a0') in 0.390346 seconds
  Import took 0.392621 seconds .

========================================================================
Received Prepare
Registering precompiled user dll's ...
Registered in 0.003591 seconds.
Begin MonoManager ReloadAssembly
Native extension for OSXStandalone target not found
Native extension for WebGL target not found
Refreshing native plugins compatible for Editor in 0.44 ms, found 2 plugins.
Preloading 0 native plugins for Editor in 0.00 ms.
Mono: successfully reloaded assembly
- Completed reload, in  1.289 seconds
Platform modules already initialized, skipping
Refreshing native plugins compatible for Editor in 0.57 ms, found 2 plugins.
Preloading 0 native plugins for Editor in 0.00 ms.
Unloading 1492 Unused Serialized files (Serialized files now loaded: 0)
System memory in use before: 145.8 MB.
System memory in use after: 145.9 MB.

Unloading 26 unused Assets to reduce memory usage. Loaded Objects now: 1922.
Total: 2.272628 ms (FindLiveObjects: 0.256335 ms CreateObjectMapping: 0.071573 ms MarkObjects: 1.923535 ms  DeleteObjects: 0.020038 ms)

========================================================================
Received Prepare
Registering precompiled user dll's ...
Registered in 0.006401 seconds.
Begin MonoManager ReloadAssembly
Native extension for OSXStandalone target not found
Native extension for WebGL target not found
Refreshing native plugins compatible for Editor in 0.67 ms, found 2 plugins.
Preloading 0 native plugins for Editor in 0.00 ms.
Mono: successfully reloaded assembly
- Completed reload, in  1.177 seconds
Platform modules already initialized, skipping
Refreshing native plugins compatible for Editor in 0.50 ms, found 2 plugins.
Preloading 0 native plugins for Editor in 0.00 ms.
Unloading 1492 Unused Serialized files (Serialized files now loaded: 0)
System memory in use before: 146.0 MB.
System memory in use after: 146.1 MB.

Unloading 26 unused Assets to reduce memory usage. Loaded Objects now: 1925.
Total: 1.825128 ms (FindLiveObjects: 0.163494 ms CreateObjectMapping: 0.047817 ms MarkObjects: 1.595239 ms  DeleteObjects: 0.017724 ms)

========================================================================
Received Prepare
Registering precompiled user dll's ...
Registered in 0.003033 seconds.
Begin MonoManager ReloadAssembly
Native extension for OSXStandalone target not found
Native extension for WebGL target not found
Refreshing native plugins compatible for Editor in 0.44 ms, found 2 plugins.
Preloading 0 native plugins for Editor in 0.00 ms.
Mono: successfully reloaded assembly
- Completed reload, in  1.203 seconds
Platform modules already initialized, skipping
Refreshing native plugins compatible for Editor in 0.59 ms, found 2 plugins.
Preloading 0 native plugins for Editor in 0.00 ms.
Unloading 1492 Unused Serialized files (Serialized files now loaded: 0)
System memory in use before: 146.2 MB.
System memory in use after: 146.3 MB.

Unloading 26 unused Assets to reduce memory usage. Loaded Objects now: 1928.
Total: 2.079502 ms (FindLiveObjects: 0.178940 ms CreateObjectMapping: 0.057490 ms MarkObjects: 1.821509 ms  DeleteObjects: 0.020542 ms)

========================================================================
Received Import Request.
  Time since last request: 588.710479 seconds.
  path: Assets/Scripts/Grabbable.cs
  artifactKey: Guid(b329eb97c601b4813971b99f65ca3a23) Importer(815301076,1909f56bfc062723c751e8b465ee728b)
Start importing Assets/Scripts/Grabbable.cs using Guid(b329eb97c601b4813971b99f65ca3a23) Importer(815301076,1909f56bfc062723c751e8b465ee728b)  -> (artifact id: '28b3a5fa7ce79a31987335800981612f') in 0.008542 seconds
  Import took 0.013268 seconds .

========================================================================
Received Import Request.
  Time since last request: 0.135554 seconds.
  path: Assets/Scripts/Grabbable.cs
  artifactKey: Guid(b329eb97c601b4813971b99f65ca3a23) Importer(815301076,1909f56bfc062723c751e8b465ee728b)
Start importing Assets/Scripts/Grabbable.cs using Guid(b329eb97c601b4813971b99f65ca3a23) Importer(815301076,1909f56bfc062723c751e8b465ee728b)  -> (artifact id: '28b3a5fa7ce79a31987335800981612f') in 0.002961 seconds
  Import took 0.007711 seconds .

========================================================================
Received Import Request.
  Time since last request: 83.802907 seconds.
  path: Assets/Scripts/Grabbable.cs
  artifactKey: Guid(b329eb97c601b4813971b99f65ca3a23) Importer(815301076,1909f56bfc062723c751e8b465ee728b)
Start importing Assets/Scripts/Grabbable.cs using Guid(b329eb97c601b4813971b99f65ca3a23) Importer(815301076,1909f56bfc062723c751e8b465ee728b)  -> (artifact id: '3ba2d9a670e48c4892b26d012082f176') in 0.002898 seconds
  Import took 0.006651 seconds .

========================================================================
Received Import Request.
  Time since last request: 4.258997 seconds.
  path: Assets/Scripts/Grabbable.cs
  artifactKey: Guid(b329eb97c601b4813971b99f65ca3a23) Importer(815301076,1909f56bfc062723c751e8b465ee728b)
Start importing Assets/Scripts/Grabbable.cs using Guid(b329eb97c601b4813971b99f65ca3a23) Importer(815301076,1909f56bfc062723c751e8b465ee728b)  -> (artifact id: 'a8e8689eebedbaebeedac1939ffa0405') in 0.002879 seconds
  Import took 0.006582 seconds .

========================================================================
Received Prepare
Registering precompiled user dll's ...
Registered in 0.002962 seconds.
Begin MonoManager ReloadAssembly
Native extension for OSXStandalone target not found
Native extension for WebGL target not found
Refreshing native plugins compatible for Editor in 0.59 ms, found 2 plugins.
Preloading 0 native plugins for Editor in 0.00 ms.
Mono: successfully reloaded assembly
- Completed reload, in  1.173 seconds
Platform modules already initialized, skipping
Refreshing native plugins compatible for Editor in 0.50 ms, found 2 plugins.
Preloading 0 native plugins for Editor in 0.00 ms.
Unloading 1492 Unused Serialized files (Serialized files now loaded: 0)
System memory in use before: 146.4 MB.
System memory in use after: 146.5 MB.

Unloading 26 unused Assets to reduce memory usage. Loaded Objects now: 1931.
Total: 1.910010 ms (FindLiveObjects: 0.186646 ms CreateObjectMapping: 0.082535 ms MarkObjects: 1.619497 ms  DeleteObjects: 0.020418 ms)

========================================================================
Received Prepare
Registering precompiled user dll's ...
Registered in 0.001621 seconds.
Begin MonoManager ReloadAssembly
Native extension for OSXStandalone target not found
Native extension for WebGL target not found
Refreshing native plugins compatible for Editor in 0.71 ms, found 2 plugins.
Preloading 0 native plugins for Editor in 0.00 ms.
Mono: successfully reloaded assembly
- Completed reload, in  1.286 seconds
Platform modules already initialized, skipping
Refreshing native plugins compatible for Editor in 0.43 ms, found 2 plugins.
Preloading 0 native plugins for Editor in 0.00 ms.
Unloading 1492 Unused Serialized files (Serialized files now loaded: 0)
System memory in use before: 146.5 MB.
System memory in use after: 146.7 MB.

Unloading 26 unused Assets to reduce memory usage. Loaded Objects now: 1934.
Total: 1.947106 ms (FindLiveObjects: 0.176147 ms CreateObjectMapping: 0.053680 ms MarkObjects: 1.694216 ms  DeleteObjects: 0.022330 ms)

========================================================================
Received Import Request.
  Time since last request: 126.121227 seconds.
  path: Assets/Example/Scripts/Highlight.cs
  artifactKey: Guid(4f94e6eeef1a44aab8481f0e433868b7) Importer(815301076,1909f56bfc062723c751e8b465ee728b)
Start importing Assets/Example/Scripts/Highlight.cs using Guid(4f94e6eeef1a44aab8481f0e433868b7) Importer(815301076,1909f56bfc062723c751e8b465ee728b)  -> (artifact id: '2fe29dc22331f85b5f921da0981a2527') in 0.005664 seconds
  Import took 0.010118 seconds .

========================================================================
Received Import Request.
  Time since last request: 59.663322 seconds.
  path: Assets/Scripts/Highlight.cs
  artifactKey: Guid(0e39204044bca4211ae420095beffe09) Importer(815301076,1909f56bfc062723c751e8b465ee728b)
Start importing Assets/Scripts/Highlight.cs using Guid(0e39204044bca4211ae420095beffe09) Importer(815301076,1909f56bfc062723c751e8b465ee728b)  -> (artifact id: '157b93ec74887be15e59ded5e7b06d93') in 0.008154 seconds
  Import took 0.014377 seconds .

========================================================================
Received Import Request.
  Time since last request: 165.294093 seconds.
  path: Assets/Scripts/Grabber.cs
  artifactKey: Guid(6e54d4648fba84a3dbe43f54c40394c6) Importer(815301076,1909f56bfc062723c751e8b465ee728b)
Start importing Assets/Scripts/Grabber.cs using Guid(6e54d4648fba84a3dbe43f54c40394c6) Importer(815301076,1909f56bfc062723c751e8b465ee728b)  -> (artifact id: 'e44f336528c7f9034a15ea8d337c1000') in 0.001900 seconds
  Import took 0.005324 seconds .

========================================================================
Received Import Request.
  Time since last request: 0.003622 seconds.
  path: Assets/Scripts/Grabber.cs
  artifactKey: Guid(6e54d4648fba84a3dbe43f54c40394c6) Importer(815301076,1909f56bfc062723c751e8b465ee728b)
Start importing Assets/Scripts/Grabber.cs using Guid(6e54d4648fba84a3dbe43f54c40394c6) Importer(815301076,1909f56bfc062723c751e8b465ee728b)  -> (artifact id: 'e44f336528c7f9034a15ea8d337c1000') in 0.001966 seconds
  Import took 0.005227 seconds .

========================================================================
Received Import Request.
  Time since last request: 0.522439 seconds.
  path: Assets/Scripts/Grabbable.cs
  artifactKey: Guid(b329eb97c601b4813971b99f65ca3a23) Importer(815301076,1909f56bfc062723c751e8b465ee728b)
Start importing Assets/Scripts/Grabbable.cs using Guid(b329eb97c601b4813971b99f65ca3a23) Importer(815301076,1909f56bfc062723c751e8b465ee728b)  -> (artifact id: '8c991d4718c7a3d0033bd4c3d34727ef') in 0.002180 seconds
  Import took 0.005786 seconds .

========================================================================
Received Import Request.
  Time since last request: 24.498631 seconds.
  path: Assets/Example/Materials
  artifactKey: Guid(d879744f1d87a6e41aee0d73294adcc4) Importer(815301076,1909f56bfc062723c751e8b465ee728b)
Start importing Assets/Example/Materials using Guid(d879744f1d87a6e41aee0d73294adcc4) Importer(815301076,1909f56bfc062723c751e8b465ee728b)  -> (artifact id: 'd737ef55170c51bbc9fb7268087c7fe2') in 0.002628 seconds
  Import took 0.007796 seconds .

========================================================================
Received Import Request.
  Time since last request: 0.001659 seconds.
  path: Assets/Example/Materials
  artifactKey: Guid(d879744f1d87a6e41aee0d73294adcc4) Importer(815301076,1909f56bfc062723c751e8b465ee728b)
Start importing Assets/Example/Materials using Guid(d879744f1d87a6e41aee0d73294adcc4) Importer(815301076,1909f56bfc062723c751e8b465ee728b)  -> (artifact id: 'd737ef55170c51bbc9fb7268087c7fe2') in 0.003684 seconds
  Import took 0.009005 seconds .

========================================================================
Received Import Request.
  Time since last request: 0.501095 seconds.
  path: Assets/Example/Prefabs
  artifactKey: Guid(30fdb1e6f94dff143a060afdbacd9451) Importer(815301076,1909f56bfc062723c751e8b465ee728b)
Start importing Assets/Example/Prefabs using Guid(30fdb1e6f94dff143a060afdbacd9451) Importer(815301076,1909f56bfc062723c751e8b465ee728b)  -> (artifact id: '06eb0f32f6c34fe902f1cf27bade3aa9') in 0.003129 seconds
  Import took 0.010065 seconds .

========================================================================
Received Import Request.
  Time since last request: 0.001612 seconds.
  path: Assets/Example/Prefabs
  artifactKey: Guid(30fdb1e6f94dff143a060afdbacd9451) Importer(815301076,1909f56bfc062723c751e8b465ee728b)
Start importing Assets/Example/Prefabs using Guid(30fdb1e6f94dff143a060afdbacd9451) Importer(815301076,1909f56bfc062723c751e8b465ee728b)  -> (artifact id: '06eb0f32f6c34fe902f1cf27bade3aa9') in 0.002101 seconds
  Import took 0.010525 seconds .

========================================================================
Received Prepare
Registering precompiled user dll's ...
Registered in 0.004527 seconds.
Begin MonoManager ReloadAssembly
Native extension for OSXStandalone target not found
Native extension for WebGL target not found
Refreshing native plugins compatible for Editor in 0.43 ms, found 2 plugins.
Preloading 0 native plugins for Editor in 0.00 ms.
Mono: successfully reloaded assembly
- Completed reload, in  1.317 seconds
Platform modules already initialized, skipping
Refreshing native plugins compatible for Editor in 0.50 ms, found 2 plugins.
Preloading 0 native plugins for Editor in 0.00 ms.
Unloading 1492 Unused Serialized files (Serialized files now loaded: 0)
System memory in use before: 146.7 MB.
System memory in use after: 146.8 MB.

Unloading 26 unused Assets to reduce memory usage. Loaded Objects now: 1937.
Total: 1.992834 ms (FindLiveObjects: 0.280421 ms CreateObjectMapping: 0.069283 ms MarkObjects: 1.623413 ms  DeleteObjects: 0.018903 ms)

========================================================================
Received Prepare
Registering precompiled user dll's ...
Registered in 0.004821 seconds.
Begin MonoManager ReloadAssembly
Native extension for OSXStandalone target not found
Native extension for WebGL target not found
Refreshing native plugins compatible for Editor in 0.44 ms, found 2 plugins.
Preloading 0 native plugins for Editor in 0.00 ms.
Mono: successfully reloaded assembly
- Completed reload, in  1.180 seconds
Platform modules already initialized, skipping
Refreshing native plugins compatible for Editor in 0.51 ms, found 2 plugins.
Preloading 0 native plugins for Editor in 0.00 ms.
Unloading 1492 Unused Serialized files (Serialized files now loaded: 0)
System memory in use before: 146.9 MB.
System memory in use after: 147.0 MB.

Unloading 26 unused Assets to reduce memory usage. Loaded Objects now: 1940.
Total: 1.845270 ms (FindLiveObjects: 0.157043 ms CreateObjectMapping: 0.040033 ms MarkObjects: 1.628634 ms  DeleteObjects: 0.018768 ms)

========================================================================
Received Prepare
Registering precompiled user dll's ...
Registered in 0.002651 seconds.
Begin MonoManager ReloadAssembly
Native extension for OSXStandalone target not found
Native extension for WebGL target not found
Refreshing native plugins compatible for Editor in 0.48 ms, found 2 plugins.
Preloading 0 native plugins for Editor in 0.00 ms.
Mono: successfully reloaded assembly
- Completed reload, in  1.231 seconds
Platform modules already initialized, skipping
Refreshing native plugins compatible for Editor in 0.43 ms, found 2 plugins.
Preloading 0 native plugins for Editor in 0.00 ms.
Unloading 1492 Unused Serialized files (Serialized files now loaded: 0)
System memory in use before: 147.1 MB.
System memory in use after: 147.2 MB.

Unloading 26 unused Assets to reduce memory usage. Loaded Objects now: 1943.
Total: 1.835418 ms (FindLiveObjects: 0.171246 ms CreateObjectMapping: 0.055461 ms MarkObjects: 1.591237 ms  DeleteObjects: 0.016595 ms)

========================================================================
Received Prepare
Registering precompiled user dll's ...
Registered in 0.001683 seconds.
Begin MonoManager ReloadAssembly
Native extension for OSXStandalone target not found
Native extension for WebGL target not found
Refreshing native plugins compatible for Editor in 0.44 ms, found 2 plugins.
Preloading 0 native plugins for Editor in 0.00 ms.
Mono: successfully reloaded assembly
- Completed reload, in  1.303 seconds
Platform modules already initialized, skipping
Refreshing native plugins compatible for Editor in 0.43 ms, found 2 plugins.
Preloading 0 native plugins for Editor in 0.00 ms.
Unloading 1492 Unused Serialized files (Serialized files now loaded: 0)
System memory in use before: 147.2 MB.
System memory in use after: 147.3 MB.

Unloading 26 unused Assets to reduce memory usage. Loaded Objects now: 1946.
Total: 1.868919 ms (FindLiveObjects: 0.175214 ms CreateObjectMapping: 0.051072 ms MarkObjects: 1.624920 ms  DeleteObjects: 0.016620 ms)

========================================================================
Received Prepare
Registering precompiled user dll's ...
Registered in 0.001728 seconds.
Begin MonoManager ReloadAssembly
Native extension for OSXStandalone target not found
Native extension for WebGL target not found
Refreshing native plugins compatible for Editor in 0.45 ms, found 2 plugins.
Preloading 0 native plugins for Editor in 0.00 ms.
Mono: successfully reloaded assembly
- Completed reload, in  1.288 seconds
Platform modules already initialized, skipping
Refreshing native plugins compatible for Editor in 0.47 ms, found 2 plugins.
Preloading 0 native plugins for Editor in 0.00 ms.
Unloading 1492 Unused Serialized files (Serialized files now loaded: 0)
System memory in use before: 147.4 MB.
System memory in use after: 147.5 MB.

Unloading 26 unused Assets to reduce memory usage. Loaded Objects now: 1949.
Total: 1.889324 ms (FindLiveObjects: 0.189098 ms CreateObjectMapping: 0.061062 ms MarkObjects: 1.620322 ms  DeleteObjects: 0.018130 ms)

========================================================================
Received Prepare
Registering precompiled user dll's ...
Registered in 0.002179 seconds.
Begin MonoManager ReloadAssembly
Native extension for OSXStandalone target not found
Native extension for WebGL target not found
Refreshing native plugins compatible for Editor in 0.69 ms, found 2 plugins.
Preloading 0 native plugins for Editor in 0.00 ms.
Mono: successfully reloaded assembly
- Completed reload, in  1.513 seconds
Platform modules already initialized, skipping
Refreshing native plugins compatible for Editor in 0.59 ms, found 2 plugins.
Preloading 0 native plugins for Editor in 0.00 ms.
Unloading 1492 Unused Serialized files (Serialized files now loaded: 0)
System memory in use before: 147.6 MB.
System memory in use after: 147.7 MB.

Unloading 26 unused Assets to reduce memory usage. Loaded Objects now: 1952.
Total: 2.784175 ms (FindLiveObjects: 0.256794 ms CreateObjectMapping: 0.063383 ms MarkObjects: 2.437875 ms  DeleteObjects: 0.024975 ms)

========================================================================
Received Prepare
Registering precompiled user dll's ...
Registered in 0.002617 seconds.
Begin MonoManager ReloadAssembly
Native extension for OSXStandalone target not found
Native extension for WebGL target not found
Refreshing native plugins compatible for Editor in 0.44 ms, found 2 plugins.
Preloading 0 native plugins for Editor in 0.00 ms.
Mono: successfully reloaded assembly
- Completed reload, in  1.260 seconds
Platform modules already initialized, skipping
Refreshing native plugins compatible for Editor in 0.43 ms, found 2 plugins.
Preloading 0 native plugins for Editor in 0.00 ms.
Unloading 1492 Unused Serialized files (Serialized files now loaded: 0)
System memory in use before: 147.8 MB.
System memory in use after: 147.9 MB.

Unloading 26 unused Assets to reduce memory usage. Loaded Objects now: 1955.
Total: 1.879627 ms (FindLiveObjects: 0.178514 ms CreateObjectMapping: 0.053088 ms MarkObjects: 1.627870 ms  DeleteObjects: 0.019354 ms)

========================================================================
Received Import Request.
  Time since last request: 1391.813131 seconds.
  path: Assets/Scenes/SampleScene.unity
  artifactKey: Guid(9fc0d4010bbf28b4594072e72b8655ab) Importer(815301076,1909f56bfc062723c751e8b465ee728b)
Start importing Assets/Scenes/SampleScene.unity using Guid(9fc0d4010bbf28b4594072e72b8655ab) Importer(815301076,1909f56bfc062723c751e8b465ee728b)  -> (artifact id: '77fd877497baa4b30eaee26442ae957b') in 0.013584 seconds
  Import took 0.017494 seconds .

========================================================================
Received Prepare
Registering precompiled user dll's ...
Registered in 0.008100 seconds.
Begin MonoManager ReloadAssembly
Native extension for OSXStandalone target not found
Native extension for WebGL target not found
Refreshing native plugins compatible for Editor in 0.64 ms, found 2 plugins.
Preloading 0 native plugins for Editor in 0.00 ms.
Mono: successfully reloaded assembly
- Completed reload, in  1.875 seconds
Platform modules already initialized, skipping
Refreshing native plugins compatible for Editor in 0.45 ms, found 2 plugins.
Preloading 0 native plugins for Editor in 0.00 ms.
Unloading 1492 Unused Serialized files (Serialized files now loaded: 0)
System memory in use before: 147.9 MB.
System memory in use after: 148.0 MB.

Unloading 26 unused Assets to reduce memory usage. Loaded Objects now: 1958.
Total: 3.566138 ms (FindLiveObjects: 0.369668 ms CreateObjectMapping: 0.357573 ms MarkObjects: 2.812466 ms  DeleteObjects: 0.024752 ms)

========================================================================
Received Import Request.
  Time since last request: 35.927538 seconds.
  path: Assets/Example/Materials/Highlight.mat
  artifactKey: Guid(c1adda6b50fc20f4abe1ad0650414bee) Importer(815301076,1909f56bfc062723c751e8b465ee728b)
Start importing Assets/Example/Materials/Highlight.mat using Guid(c1adda6b50fc20f4abe1ad0650414bee) Importer(815301076,1909f56bfc062723c751e8b465ee728b)  -> (artifact id: 'ef60838f55330199cd5392e691ba8bc6') in 1.135454 seconds
  Import took 1.139686 seconds .

========================================================================
Received Import Request.
  Time since last request: 0.000227 seconds.
  path: Assets/Robot_Toy/Robot_Toy.mat
  artifactKey: Guid(e257d734ea4dd40d4b9580cf8b8234d4) Importer(815301076,1909f56bfc062723c751e8b465ee728b)
Start importing Assets/Robot_Toy/Robot_Toy.mat using Guid(e257d734ea4dd40d4b9580cf8b8234d4) Importer(815301076,1909f56bfc062723c751e8b465ee728b)  -> (artifact id: '8d6da640b2f903b31bb0929242219631') in 0.537756 seconds
  Import took 0.541490 seconds .

========================================================================
Received Import Request.
  Time since last request: 0.000357 seconds.
  path: Assets/Robot_Toy/Robot_Toy.fbx
  artifactKey: Guid(f9936ece715f5444f96b6fad36a4000e) Importer(815301076,1909f56bfc062723c751e8b465ee728b)
Start importing Assets/Robot_Toy/Robot_Toy.fbx using Guid(f9936ece715f5444f96b6fad36a4000e) Importer(815301076,1909f56bfc062723c751e8b465ee728b)  -> (artifact id: '163134a25c9e7bee620dea2232acab6b') in 0.900259 seconds
  Import took 0.904491 seconds .

========================================================================
Received Prepare
Registering precompiled user dll's ...
Registered in 0.009353 seconds.
Begin MonoManager ReloadAssembly
Native extension for OSXStandalone target not found
Native extension for WebGL target not found
Refreshing native plugins compatible for Editor in 0.44 ms, found 2 plugins.
Preloading 0 native plugins for Editor in 0.00 ms.
Mono: successfully reloaded assembly
- Completed reload, in  3.001 seconds
Platform modules already initialized, skipping
Refreshing native plugins compatible for Editor in 0.67 ms, found 2 plugins.
Preloading 0 native plugins for Editor in 0.00 ms.
Unloading 1492 Unused Serialized files (Serialized files now loaded: 0)
System memory in use before: 161.2 MB.
System memory in use after: 161.3 MB.

Unloading 26 unused Assets to reduce memory usage. Loaded Objects now: 2005.
Total: 2.991504 ms (FindLiveObjects: 0.302955 ms CreateObjectMapping: 0.083604 ms MarkObjects: 2.578086 ms  DeleteObjects: 0.025447 ms)

========================================================================
Received Prepare
Registering precompiled user dll's ...
Registered in 0.002552 seconds.
Begin MonoManager ReloadAssembly
Native extension for OSXStandalone target not found
Native extension for WebGL target not found
Refreshing native plugins compatible for Editor in 0.44 ms, found 2 plugins.
Preloading 0 native plugins for Editor in 0.00 ms.
Mono: successfully reloaded assembly
- Completed reload, in  1.337 seconds
Platform modules already initialized, skipping
Refreshing native plugins compatible for Editor in 0.39 ms, found 2 plugins.
Preloading 0 native plugins for Editor in 0.00 ms.
Unloading 1492 Unused Serialized files (Serialized files now loaded: 0)
System memory in use before: 161.4 MB.
System memory in use after: 161.5 MB.

Unloading 26 unused Assets to reduce memory usage. Loaded Objects now: 2008.
Total: 1.917261 ms (FindLiveObjects: 0.179347 ms CreateObjectMapping: 0.047699 ms MarkObjects: 1.670247 ms  DeleteObjects: 0.018984 ms)

========================================================================
Received Prepare
Registering precompiled user dll's ...
Registered in 0.001665 seconds.
Begin MonoManager ReloadAssembly
Native extension for OSXStandalone target not found
Native extension for WebGL target not found
Refreshing native plugins compatible for Editor in 0.45 ms, found 2 plugins.
Preloading 0 native plugins for Editor in 0.00 ms.
Mono: successfully reloaded assembly
- Completed reload, in  1.464 seconds
Platform modules already initialized, skipping
Refreshing native plugins compatible for Editor in 0.39 ms, found 2 plugins.
Preloading 0 native plugins for Editor in 0.00 ms.
Unloading 1492 Unused Serialized files (Serialized files now loaded: 0)
System memory in use before: 161.6 MB.
System memory in use after: 161.7 MB.

Unloading 26 unused Assets to reduce memory usage. Loaded Objects now: 2011.
Total: 2.592510 ms (FindLiveObjects: 0.218724 ms CreateObjectMapping: 0.058339 ms MarkObjects: 2.289045 ms  DeleteObjects: 0.025346 ms)

========================================================================
Received Prepare
Registering precompiled user dll's ...
Registered in 0.055790 seconds.
Begin MonoManager ReloadAssembly
Native extension for OSXStandalone target not found
Native extension for WebGL target not found
Refreshing native plugins compatible for Editor in 0.56 ms, found 2 plugins.
Preloading 0 native plugins for Editor in 0.00 ms.
Mono: successfully reloaded assembly
- Completed reload, in  4.393 seconds
Platform modules already initialized, skipping
Refreshing native plugins compatible for Editor in 0.64 ms, found 2 plugins.
Preloading 0 native plugins for Editor in 0.00 ms.
Unloading 1492 Unused Serialized files (Serialized files now loaded: 0)
System memory in use before: 161.7 MB.
System memory in use after: 161.8 MB.

Unloading 26 unused Assets to reduce memory usage. Loaded Objects now: 2014.
Total: 1.945344 ms (FindLiveObjects: 0.228502 ms CreateObjectMapping: 0.056252 ms MarkObjects: 1.637734 ms  DeleteObjects: 0.021438 ms)

========================================================================
Received Prepare
Registering precompiled user dll's ...
Registered in 0.003012 seconds.
Begin MonoManager ReloadAssembly
Native extension for OSXStandalone target not found
Native extension for WebGL target not found
Refreshing native plugins compatible for Editor in 0.43 ms, found 2 plugins.
Preloading 0 native plugins for Editor in 0.00 ms.
Mono: successfully reloaded assembly
- Completed reload, in  1.189 seconds
Platform modules already initialized, skipping
Refreshing native plugins compatible for Editor in 0.45 ms, found 2 plugins.
Preloading 0 native plugins for Editor in 0.00 ms.
Unloading 1492 Unused Serialized files (Serialized files now loaded: 0)
System memory in use before: 161.9 MB.
System memory in use after: 162.0 MB.

Unloading 26 unused Assets to reduce memory usage. Loaded Objects now: 2017.
Total: 1.999228 ms (FindLiveObjects: 0.203584 ms CreateObjectMapping: 0.060631 ms MarkObjects: 1.711916 ms  DeleteObjects: 0.022083 ms)

========================================================================
Received Prepare
Registering precompiled user dll's ...
Registered in 0.003534 seconds.
Begin MonoManager ReloadAssembly
Native extension for OSXStandalone target not found
Native extension for WebGL target not found
Refreshing native plugins compatible for Editor in 0.43 ms, found 2 plugins.
Preloading 0 native plugins for Editor in 0.00 ms.
Mono: successfully reloaded assembly
- Completed reload, in  1.168 seconds
Platform modules already initialized, skipping
Refreshing native plugins compatible for Editor in 0.43 ms, found 2 plugins.
Preloading 0 native plugins for Editor in 0.00 ms.
Unloading 1492 Unused Serialized files (Serialized files now loaded: 0)
System memory in use before: 162.1 MB.
System memory in use after: 162.2 MB.

Unloading 26 unused Assets to reduce memory usage. Loaded Objects now: 2020.
Total: 1.889788 ms (FindLiveObjects: 0.182017 ms CreateObjectMapping: 0.048071 ms MarkObjects: 1.633523 ms  DeleteObjects: 0.025339 ms)

========================================================================
Received Prepare
Registering precompiled user dll's ...
Registered in 0.007390 seconds.
Begin MonoManager ReloadAssembly
Native extension for OSXStandalone target not found
Native extension for WebGL target not found
Refreshing native plugins compatible for Editor in 0.46 ms, found 2 plugins.
Preloading 0 native plugins for Editor in 0.00 ms.
Mono: successfully reloaded assembly
- Completed reload, in  1.878 seconds
Platform modules already initialized, skipping
Refreshing native plugins compatible for Editor in 0.48 ms, found 2 plugins.
Preloading 0 native plugins for Editor in 0.00 ms.
Unloading 1492 Unused Serialized files (Serialized files now loaded: 0)
System memory in use before: 162.2 MB.
System memory in use after: 162.4 MB.

Unloading 26 unused Assets to reduce memory usage. Loaded Objects now: 2023.
Total: 2.733163 ms (FindLiveObjects: 0.312507 ms CreateObjectMapping: 0.101792 ms MarkObjects: 2.291423 ms  DeleteObjects: 0.026413 ms)

========================================================================
Received Prepare
Registering precompiled user dll's ...
Registered in 0.003769 seconds.
Begin MonoManager ReloadAssembly
Native extension for OSXStandalone target not found
Native extension for WebGL target not found
Refreshing native plugins compatible for Editor in 0.65 ms, found 2 plugins.
Preloading 0 native plugins for Editor in 0.00 ms.
Mono: successfully reloaded assembly
- Completed reload, in  1.413 seconds
Platform modules already initialized, skipping
Refreshing native plugins compatible for Editor in 0.54 ms, found 2 plugins.
Preloading 0 native plugins for Editor in 0.00 ms.
Unloading 1487 Unused Serialized files (Serialized files now loaded: 0)
System memory in use before: 162.3 MB.
System memory in use after: 162.4 MB.

Unloading 26 unused Assets to reduce memory usage. Loaded Objects now: 2026.
Total: 2.291549 ms (FindLiveObjects: 0.282597 ms CreateObjectMapping: 0.062034 ms MarkObjects: 1.912457 ms  DeleteObjects: 0.033395 ms)

========================================================================
Received Prepare
Registering precompiled user dll's ...
Registered in 0.003391 seconds.
Begin MonoManager ReloadAssembly
Native extension for OSXStandalone target not found
Native extension for WebGL target not found
Refreshing native plugins compatible for Editor in 0.68 ms, found 2 plugins.
Preloading 0 native plugins for Editor in 0.00 ms.
Mono: successfully reloaded assembly
- Completed reload, in  1.465 seconds
Platform modules already initialized, skipping
Refreshing native plugins compatible for Editor in 0.44 ms, found 2 plugins.
Preloading 0 native plugins for Editor in 0.00 ms.
Unloading 1487 Unused Serialized files (Serialized files now loaded: 0)
System memory in use before: 162.4 MB.
System memory in use after: 162.5 MB.

Unloading 26 unused Assets to reduce memory usage. Loaded Objects now: 2029.
Total: 1.872569 ms (FindLiveObjects: 0.166781 ms CreateObjectMapping: 0.042504 ms MarkObjects: 1.642760 ms  DeleteObjects: 0.019702 ms)

========================================================================
Received Prepare
Registering precompiled user dll's ...
Registered in 0.001916 seconds.
Begin MonoManager ReloadAssembly
Native extension for OSXStandalone target not found
Native extension for WebGL target not found
Refreshing native plugins compatible for Editor in 0.47 ms, found 2 plugins.
Preloading 0 native plugins for Editor in 0.00 ms.
Mono: successfully reloaded assembly
- Completed reload, in  1.234 seconds
Platform modules already initialized, skipping
Refreshing native plugins compatible for Editor in 0.63 ms, found 2 plugins.
Preloading 0 native plugins for Editor in 0.00 ms.
Unloading 1487 Unused Serialized files (Serialized files now loaded: 0)
System memory in use before: 162.6 MB.
System memory in use after: 162.7 MB.

Unloading 26 unused Assets to reduce memory usage. Loaded Objects now: 2032.
Total: 1.889595 ms (FindLiveObjects: 0.195674 ms CreateObjectMapping: 0.056732 ms MarkObjects: 1.619220 ms  DeleteObjects: 0.016926 ms)

========================================================================
Received Prepare
Registering precompiled user dll's ...
Registered in 0.002570 seconds.
Begin MonoManager ReloadAssembly
Native extension for OSXStandalone target not found
Native extension for WebGL target not found
Refreshing native plugins compatible for Editor in 0.45 ms, found 2 plugins.
Preloading 0 native plugins for Editor in 0.00 ms.
Mono: successfully reloaded assembly
- Completed reload, in  1.235 seconds
Platform modules already initialized, skipping
Refreshing native plugins compatible for Editor in 0.43 ms, found 2 plugins.
Preloading 0 native plugins for Editor in 0.00 ms.
Unloading 1487 Unused Serialized files (Serialized files now loaded: 0)
System memory in use before: 162.8 MB.
System memory in use after: 162.9 MB.

Unloading 26 unused Assets to reduce memory usage. Loaded Objects now: 2035.
Total: 2.433557 ms (FindLiveObjects: 0.343732 ms CreateObjectMapping: 0.098188 ms MarkObjects: 1.964532 ms  DeleteObjects: 0.025743 ms)

========================================================================
Received Prepare
Registering precompiled user dll's ...
Registered in 0.001621 seconds.
Begin MonoManager ReloadAssembly
Native extension for OSXStandalone target not found
Native extension for WebGL target not found
Refreshing native plugins compatible for Editor in 0.48 ms, found 2 plugins.
Preloading 0 native plugins for Editor in 0.00 ms.
Mono: successfully reloaded assembly
- Completed reload, in  1.322 seconds
Platform modules already initialized, skipping
Refreshing native plugins compatible for Editor in 0.65 ms, found 2 plugins.
Preloading 0 native plugins for Editor in 0.00 ms.
Unloading 1487 Unused Serialized files (Serialized files now loaded: 0)
System memory in use before: 162.9 MB.
System memory in use after: 163.1 MB.

Unloading 26 unused Assets to reduce memory usage. Loaded Objects now: 2038.
Total: 4.927446 ms (FindLiveObjects: 0.294575 ms CreateObjectMapping: 0.079626 ms MarkObjects: 4.528000 ms  DeleteObjects: 0.023966 ms)

========================================================================
Received Prepare
Registering precompiled user dll's ...
Registered in 0.001789 seconds.
Begin MonoManager ReloadAssembly
Native extension for OSXStandalone target not found
Native extension for WebGL target not found
Refreshing native plugins compatible for Editor in 0.50 ms, found 2 plugins.
Preloading 0 native plugins for Editor in 0.00 ms.
Mono: successfully reloaded assembly
- Completed reload, in  1.227 seconds
Platform modules already initialized, skipping
Refreshing native plugins compatible for Editor in 0.42 ms, found 2 plugins.
Preloading 0 native plugins for Editor in 0.00 ms.
Unloading 1487 Unused Serialized files (Serialized files now loaded: 0)
System memory in use before: 163.1 MB.
System memory in use after: 163.2 MB.

Unloading 26 unused Assets to reduce memory usage. Loaded Objects now: 2041.
Total: 1.904744 ms (FindLiveObjects: 0.210790 ms CreateObjectMapping: 0.054484 ms MarkObjects: 1.619584 ms  DeleteObjects: 0.018919 ms)

========================================================================
Received Prepare
Registering precompiled user dll's ...
Registered in 0.001662 seconds.
Begin MonoManager ReloadAssembly
Native extension for OSXStandalone target not found
Native extension for WebGL target not found
Refreshing native plugins compatible for Editor in 0.45 ms, found 2 plugins.
Preloading 0 native plugins for Editor in 0.00 ms.
Mono: successfully reloaded assembly
- Completed reload, in  1.447 seconds
Platform modules already initialized, skipping
Refreshing native plugins compatible for Editor in 0.40 ms, found 2 plugins.
Preloading 0 native plugins for Editor in 0.00 ms.
Unloading 1487 Unused Serialized files (Serialized files now loaded: 0)
System memory in use before: 163.3 MB.
System memory in use after: 163.4 MB.

Unloading 26 unused Assets to reduce memory usage. Loaded Objects now: 2044.
Total: 1.760682 ms (FindLiveObjects: 0.155279 ms CreateObjectMapping: 0.040748 ms MarkObjects: 1.546361 ms  DeleteObjects: 0.017404 ms)

========================================================================
Received Prepare
Registering precompiled user dll's ...
Registered in 0.001702 seconds.
Begin MonoManager ReloadAssembly
Native extension for OSXStandalone target not found
Native extension for WebGL target not found
Refreshing native plugins compatible for Editor in 0.45 ms, found 2 plugins.
Preloading 0 native plugins for Editor in 0.00 ms.
Mono: successfully reloaded assembly
- Completed reload, in  1.194 seconds
Platform modules already initialized, skipping
Refreshing native plugins compatible for Editor in 0.39 ms, found 2 plugins.
Preloading 0 native plugins for Editor in 0.00 ms.
Unloading 1487 Unused Serialized files (Serialized files now loaded: 0)
System memory in use before: 163.4 MB.
System memory in use after: 163.6 MB.

Unloading 26 unused Assets to reduce memory usage. Loaded Objects now: 2047.
Total: 2.266173 ms (FindLiveObjects: 0.164846 ms CreateObjectMapping: 0.047131 ms MarkObjects: 2.032881 ms  DeleteObjects: 0.020085 ms)

========================================================================
Received Prepare
Registering precompiled user dll's ...
Registered in 0.001756 seconds.
Begin MonoManager ReloadAssembly
Native extension for OSXStandalone target not found
Native extension for WebGL target not found
Refreshing native plugins compatible for Editor in 0.45 ms, found 2 plugins.
Preloading 0 native plugins for Editor in 0.00 ms.
Mono: successfully reloaded assembly
- Completed reload, in  1.417 seconds
Platform modules already initialized, skipping
Refreshing native plugins compatible for Editor in 0.40 ms, found 2 plugins.
Preloading 0 native plugins for Editor in 0.00 ms.
Unloading 1487 Unused Serialized files (Serialized files now loaded: 0)
System memory in use before: 163.6 MB.
System memory in use after: 163.7 MB.

Unloading 26 unused Assets to reduce memory usage. Loaded Objects now: 2050.
Total: 1.842169 ms (FindLiveObjects: 0.172362 ms CreateObjectMapping: 0.049715 ms MarkObjects: 1.599943 ms  DeleteObjects: 0.018982 ms)

========================================================================
Received Prepare
Registering precompiled user dll's ...
Registered in 0.001624 seconds.
Begin MonoManager ReloadAssembly
Native extension for OSXStandalone target not found
Native extension for WebGL target not found
Refreshing native plugins compatible for Editor in 0.45 ms, found 2 plugins.
Preloading 0 native plugins for Editor in 0.00 ms.
Mono: successfully reloaded assembly
- Completed reload, in  1.206 seconds
Platform modules already initialized, skipping
Refreshing native plugins compatible for Editor in 0.47 ms, found 2 plugins.
Preloading 0 native plugins for Editor in 0.00 ms.
Unloading 1487 Unused Serialized files (Serialized files now loaded: 0)
System memory in use before: 163.8 MB.
System memory in use after: 163.9 MB.

Unloading 26 unused Assets to reduce memory usage. Loaded Objects now: 2053.
Total: 1.909580 ms (FindLiveObjects: 0.169169 ms CreateObjectMapping: 0.050340 ms MarkObjects: 1.669175 ms  DeleteObjects: 0.020087 ms)

========================================================================
Received Prepare
Registering precompiled user dll's ...
Registered in 0.002073 seconds.
Begin MonoManager ReloadAssembly
Native extension for OSXStandalone target not found
Native extension for WebGL target not found
Refreshing native plugins compatible for Editor in 0.45 ms, found 2 plugins.
Preloading 0 native plugins for Editor in 0.00 ms.
Mono: successfully reloaded assembly
- Completed reload, in  1.433 seconds
Platform modules already initialized, skipping
Refreshing native plugins compatible for Editor in 0.49 ms, found 2 plugins.
Preloading 0 native plugins for Editor in 0.00 ms.
Unloading 1487 Unused Serialized files (Serialized files now loaded: 0)
System memory in use before: 164.0 MB.
System memory in use after: 164.1 MB.

Unloading 26 unused Assets to reduce memory usage. Loaded Objects now: 2056.
Total: 1.861001 ms (FindLiveObjects: 0.180390 ms CreateObjectMapping: 0.046047 ms MarkObjects: 1.615822 ms  DeleteObjects: 0.017786 ms)

========================================================================
Received Prepare
Registering precompiled user dll's ...
Registered in 0.001599 seconds.
Begin MonoManager ReloadAssembly
Native extension for OSXStandalone target not found
Native extension for WebGL target not found
Refreshing native plugins compatible for Editor in 0.44 ms, found 2 plugins.
Preloading 0 native plugins for Editor in 0.00 ms.
Mono: successfully reloaded assembly
- Completed reload, in  1.228 seconds
Platform modules already initialized, skipping
Refreshing native plugins compatible for Editor in 0.40 ms, found 2 plugins.
Preloading 0 native plugins for Editor in 0.00 ms.
Unloading 1487 Unused Serialized files (Serialized files now loaded: 0)
System memory in use before: 164.1 MB.
System memory in use after: 164.2 MB.

Unloading 26 unused Assets to reduce memory usage. Loaded Objects now: 2059.
Total: 2.293769 ms (FindLiveObjects: 0.180328 ms CreateObjectMapping: 0.052480 ms MarkObjects: 2.039171 ms  DeleteObjects: 0.020809 ms)

========================================================================
Received Prepare
Registering precompiled user dll's ...
Registered in 0.001736 seconds.
Begin MonoManager ReloadAssembly
Native extension for OSXStandalone target not found
Native extension for WebGL target not found
Refreshing native plugins compatible for Editor in 0.45 ms, found 2 plugins.
Preloading 0 native plugins for Editor in 0.00 ms.
Mono: successfully reloaded assembly
- Completed reload, in  1.269 seconds
Platform modules already initialized, skipping
Refreshing native plugins compatible for Editor in 0.61 ms, found 2 plugins.
Preloading 0 native plugins for Editor in 0.00 ms.
Unloading 1487 Unused Serialized files (Serialized files now loaded: 0)
System memory in use before: 164.3 MB.
System memory in use after: 164.4 MB.

Unloading 26 unused Assets to reduce memory usage. Loaded Objects now: 2062.
Total: 1.840280 ms (FindLiveObjects: 0.171679 ms CreateObjectMapping: 0.046065 ms MarkObjects: 1.603916 ms  DeleteObjects: 0.017682 ms)

========================================================================
Received Prepare
Registering precompiled user dll's ...
Registered in 0.001584 seconds.
Begin MonoManager ReloadAssembly
Native extension for OSXStandalone target not found
Native extension for WebGL target not found
Refreshing native plugins compatible for Editor in 0.45 ms, found 2 plugins.
Preloading 0 native plugins for Editor in 0.00 ms.
Mono: successfully reloaded assembly
- Completed reload, in  1.359 seconds
Platform modules already initialized, skipping
Refreshing native plugins compatible for Editor in 0.48 ms, found 2 plugins.
Preloading 0 native plugins for Editor in 0.00 ms.
Unloading 1487 Unused Serialized files (Serialized files now loaded: 0)
System memory in use before: 164.5 MB.
System memory in use after: 164.6 MB.

Unloading 26 unused Assets to reduce memory usage. Loaded Objects now: 2065.
Total: 1.880690 ms (FindLiveObjects: 0.199490 ms CreateObjectMapping: 0.049566 ms MarkObjects: 1.612170 ms  DeleteObjects: 0.018493 ms)

========================================================================
Received Prepare
Registering precompiled user dll's ...
Registered in 0.002483 seconds.
Begin MonoManager ReloadAssembly
Native extension for OSXStandalone target not found
Native extension for WebGL target not found
Refreshing native plugins compatible for Editor in 0.46 ms, found 2 plugins.
Preloading 0 native plugins for Editor in 0.00 ms.
Mono: successfully reloaded assembly
- Completed reload, in  1.247 seconds
Platform modules already initialized, skipping
Refreshing native plugins compatible for Editor in 0.39 ms, found 2 plugins.
Preloading 0 native plugins for Editor in 0.00 ms.
Unloading 1487 Unused Serialized files (Serialized files now loaded: 0)
System memory in use before: 164.7 MB.
System memory in use after: 164.8 MB.

Unloading 26 unused Assets to reduce memory usage. Loaded Objects now: 2068.
Total: 2.271969 ms (FindLiveObjects: 0.249599 ms CreateObjectMapping: 0.064010 ms MarkObjects: 1.938562 ms  DeleteObjects: 0.018906 ms)

========================================================================
Received Prepare
Registering precompiled user dll's ...
Registered in 0.001716 seconds.
Begin MonoManager ReloadAssembly
Native extension for OSXStandalone target not found
Native extension for WebGL target not found
Refreshing native plugins compatible for Editor in 0.76 ms, found 2 plugins.
Preloading 0 native plugins for Editor in 0.00 ms.
Mono: successfully reloaded assembly
- Completed reload, in  1.418 seconds
Platform modules already initialized, skipping
Refreshing native plugins compatible for Editor in 0.39 ms, found 2 plugins.
Preloading 0 native plugins for Editor in 0.00 ms.
Unloading 1487 Unused Serialized files (Serialized files now loaded: 0)
System memory in use before: 164.8 MB.
System memory in use after: 164.9 MB.

Unloading 26 unused Assets to reduce memory usage. Loaded Objects now: 2071.
Total: 1.996771 ms (FindLiveObjects: 0.172477 ms CreateObjectMapping: 0.047360 ms MarkObjects: 1.751033 ms  DeleteObjects: 0.024920 ms)

========================================================================
Received Prepare
Registering precompiled user dll's ...
Registered in 0.001713 seconds.
Begin MonoManager ReloadAssembly
Native extension for OSXStandalone target not found
Native extension for WebGL target not found
Refreshing native plugins compatible for Editor in 0.46 ms, found 2 plugins.
Preloading 0 native plugins for Editor in 0.00 ms.
Mono: successfully reloaded assembly
- Completed reload, in  1.249 seconds
Platform modules already initialized, skipping
Refreshing native plugins compatible for Editor in 0.43 ms, found 2 plugins.
Preloading 0 native plugins for Editor in 0.00 ms.
Unloading 1487 Unused Serialized files (Serialized files now loaded: 0)
System memory in use before: 165.0 MB.
System memory in use after: 165.1 MB.

Unloading 26 unused Assets to reduce memory usage. Loaded Objects now: 2074.
Total: 2.027832 ms (FindLiveObjects: 0.194362 ms CreateObjectMapping: 0.052066 ms MarkObjects: 1.760598 ms  DeleteObjects: 0.019905 ms)

========================================================================
Received Prepare
Registering precompiled user dll's ...
Registered in 0.007440 seconds.
Begin MonoManager ReloadAssembly
Native extension for OSXStandalone target not found
Native extension for WebGL target not found
Refreshing native plugins compatible for Editor in 0.43 ms, found 2 plugins.
Preloading 0 native plugins for Editor in 0.00 ms.
Mono: successfully reloaded assembly
- Completed reload, in  1.847 seconds
Platform modules already initialized, skipping
Refreshing native plugins compatible for Editor in 0.59 ms, found 2 plugins.
Preloading 0 native plugins for Editor in 0.00 ms.
Unloading 1487 Unused Serialized files (Serialized files now loaded: 0)
System memory in use before: 165.2 MB.
System memory in use after: 165.3 MB.

Unloading 26 unused Assets to reduce memory usage. Loaded Objects now: 2077.
Total: 1.908417 ms (FindLiveObjects: 0.191668 ms CreateObjectMapping: 0.048932 ms MarkObjects: 1.642752 ms  DeleteObjects: 0.024301 ms)

========================================================================
Received Prepare
Registering precompiled user dll's ...
Registered in 0.004081 seconds.
Begin MonoManager ReloadAssembly
Native extension for OSXStandalone target not found
Native extension for WebGL target not found
Refreshing native plugins compatible for Editor in 0.44 ms, found 2 plugins.
Preloading 0 native plugins for Editor in 0.00 ms.
Mono: successfully reloaded assembly
- Completed reload, in  1.166 seconds
Platform modules already initialized, skipping
Refreshing native plugins compatible for Editor in 0.64 ms, found 2 plugins.
Preloading 0 native plugins for Editor in 0.00 ms.
Unloading 1487 Unused Serialized files (Serialized files now loaded: 0)
System memory in use before: 165.4 MB.
System memory in use after: 165.5 MB.

Unloading 26 unused Assets to reduce memory usage. Loaded Objects now: 2080.
Total: 2.004081 ms (FindLiveObjects: 0.207217 ms CreateObjectMapping: 0.046487 ms MarkObjects: 1.728992 ms  DeleteObjects: 0.020504 ms)

========================================================================
Received Prepare
Registering precompiled user dll's ...
Registered in 0.003391 seconds.
Begin MonoManager ReloadAssembly
Native extension for OSXStandalone target not found
Native extension for WebGL target not found
Refreshing native plugins compatible for Editor in 0.48 ms, found 2 plugins.
Preloading 0 native plugins for Editor in 0.00 ms.
Mono: successfully reloaded assembly
- Completed reload, in  1.183 seconds
Platform modules already initialized, skipping
Refreshing native plugins compatible for Editor in 0.51 ms, found 2 plugins.
Preloading 0 native plugins for Editor in 0.00 ms.
Unloading 1487 Unused Serialized files (Serialized files now loaded: 0)
System memory in use before: 165.5 MB.
System memory in use after: 165.6 MB.

Unloading 26 unused Assets to reduce memory usage. Loaded Objects now: 2083.
Total: 1.873694 ms (FindLiveObjects: 0.182759 ms CreateObjectMapping: 0.046592 ms MarkObjects: 1.625714 ms  DeleteObjects: 0.017842 ms)

========================================================================
Received Prepare
Registering precompiled user dll's ...
Registered in 0.003669 seconds.
Begin MonoManager ReloadAssembly
Native extension for OSXStandalone target not found
Native extension for WebGL target not found
Refreshing native plugins compatible for Editor in 0.45 ms, found 2 plugins.
Preloading 0 native plugins for Editor in 0.00 ms.
Mono: successfully reloaded assembly
- Completed reload, in  1.355 seconds
Platform modules already initialized, skipping
Refreshing native plugins compatible for Editor in 0.48 ms, found 2 plugins.
Preloading 0 native plugins for Editor in 0.00 ms.
Unloading 1487 Unused Serialized files (Serialized files now loaded: 0)
System memory in use before: 165.7 MB.
System memory in use after: 165.8 MB.

Unloading 26 unused Assets to reduce memory usage. Loaded Objects now: 2086.
Total: 2.026252 ms (FindLiveObjects: 0.177792 ms CreateObjectMapping: 0.045583 ms MarkObjects: 1.778652 ms  DeleteObjects: 0.023292 ms)

========================================================================
Received Prepare
Registering precompiled user dll's ...
Registered in 0.001861 seconds.
Begin MonoManager ReloadAssembly
Native extension for OSXStandalone target not found
Native extension for WebGL target not found
Refreshing native plugins compatible for Editor in 0.58 ms, found 2 plugins.
Preloading 0 native plugins for Editor in 0.00 ms.
Mono: successfully reloaded assembly
- Completed reload, in  1.360 seconds
Platform modules already initialized, skipping
Refreshing native plugins compatible for Editor in 0.39 ms, found 2 plugins.
Preloading 0 native plugins for Editor in 0.00 ms.
Unloading 1487 Unused Serialized files (Serialized files now loaded: 0)
System memory in use before: 165.9 MB.
System memory in use after: 166.0 MB.

Unloading 26 unused Assets to reduce memory usage. Loaded Objects now: 2089.
Total: 1.983699 ms (FindLiveObjects: 0.164226 ms CreateObjectMapping: 0.045352 ms MarkObjects: 1.752575 ms  DeleteObjects: 0.020740 ms)

========================================================================
Received Prepare
Registering precompiled user dll's ...
Registered in 0.002054 seconds.
Begin MonoManager ReloadAssembly
Native extension for OSXStandalone target not found
Native extension for WebGL target not found
Refreshing native plugins compatible for Editor in 0.46 ms, found 2 plugins.
Preloading 0 native plugins for Editor in 0.00 ms.
Mono: successfully reloaded assembly
- Completed reload, in  1.191 seconds
Platform modules already initialized, skipping
Refreshing native plugins compatible for Editor in 0.41 ms, found 2 plugins.
Preloading 0 native plugins for Editor in 0.00 ms.
Unloading 1487 Unused Serialized files (Serialized files now loaded: 0)
System memory in use before: 166.0 MB.
System memory in use after: 166.1 MB.

Unloading 26 unused Assets to reduce memory usage. Loaded Objects now: 2092.
Total: 1.926226 ms (FindLiveObjects: 0.184546 ms CreateObjectMapping: 0.055733 ms MarkObjects: 1.665634 ms  DeleteObjects: 0.019266 ms)

========================================================================
Received Prepare
Registering precompiled user dll's ...
Registered in 0.007059 seconds.
Begin MonoManager ReloadAssembly
Native extension for OSXStandalone target not found
Native extension for WebGL target not found
Refreshing native plugins compatible for Editor in 0.44 ms, found 2 plugins.
Preloading 0 native plugins for Editor in 0.00 ms.
Mono: successfully reloaded assembly
- Completed reload, in  1.561 seconds
Platform modules already initialized, skipping
Refreshing native plugins compatible for Editor in 0.43 ms, found 2 plugins.
Preloading 0 native plugins for Editor in 0.00 ms.
Unloading 1487 Unused Serialized files (Serialized files now loaded: 0)
System memory in use before: 166.2 MB.
System memory in use after: 166.3 MB.

Unloading 26 unused Assets to reduce memory usage. Loaded Objects now: 2095.
Total: 2.013758 ms (FindLiveObjects: 0.197797 ms CreateObjectMapping: 0.045514 ms MarkObjects: 1.744148 ms  DeleteObjects: 0.025351 ms)

========================================================================
Received Prepare
Registering precompiled user dll's ...
Registered in 0.001884 seconds.
Begin MonoManager ReloadAssembly
Native extension for OSXStandalone target not found
Native extension for WebGL target not found
Refreshing native plugins compatible for Editor in 0.46 ms, found 2 plugins.
Preloading 0 native plugins for Editor in 0.00 ms.
Mono: successfully reloaded assembly
- Completed reload, in  1.250 seconds
Platform modules already initialized, skipping
Refreshing native plugins compatible for Editor in 0.39 ms, found 2 plugins.
Preloading 0 native plugins for Editor in 0.00 ms.
Unloading 1487 Unused Serialized files (Serialized files now loaded: 0)
System memory in use before: 166.4 MB.
System memory in use after: 166.5 MB.

Unloading 26 unused Assets to reduce memory usage. Loaded Objects now: 2098.
Total: 1.848118 ms (FindLiveObjects: 0.168744 ms CreateObjectMapping: 0.045984 ms MarkObjects: 1.614273 ms  DeleteObjects: 0.018326 ms)

========================================================================
Received Prepare
Registering precompiled user dll's ...
Registered in 0.001996 seconds.
Begin MonoManager ReloadAssembly
Native extension for OSXStandalone target not found
Native extension for WebGL target not found
Refreshing native plugins compatible for Editor in 0.45 ms, found 2 plugins.
Preloading 0 native plugins for Editor in 0.00 ms.
Mono: successfully reloaded assembly
- Completed reload, in  1.271 seconds
Platform modules already initialized, skipping
Refreshing native plugins compatible for Editor in 0.39 ms, found 2 plugins.
Preloading 0 native plugins for Editor in 0.00 ms.
Unloading 1487 Unused Serialized files (Serialized files now loaded: 0)
System memory in use before: 166.5 MB.
System memory in use after: 166.7 MB.

Unloading 26 unused Assets to reduce memory usage. Loaded Objects now: 2101.
Total: 2.002489 ms (FindLiveObjects: 0.174861 ms CreateObjectMapping: 0.047308 ms MarkObjects: 1.758556 ms  DeleteObjects: 0.020784 ms)

========================================================================
Received Prepare
Registering precompiled user dll's ...
Registered in 0.001611 seconds.
Begin MonoManager ReloadAssembly
Native extension for OSXStandalone target not found
Native extension for WebGL target not found
Refreshing native plugins compatible for Editor in 0.46 ms, found 2 plugins.
Preloading 0 native plugins for Editor in 0.00 ms.
Mono: successfully reloaded assembly
- Completed reload, in  1.260 seconds
Platform modules already initialized, skipping
Refreshing native plugins compatible for Editor in 0.43 ms, found 2 plugins.
Preloading 0 native plugins for Editor in 0.00 ms.
Unloading 1487 Unused Serialized files (Serialized files now loaded: 0)
System memory in use before: 166.7 MB.
System memory in use after: 166.8 MB.

Unloading 26 unused Assets to reduce memory usage. Loaded Objects now: 2104.
Total: 1.931209 ms (FindLiveObjects: 0.204210 ms CreateObjectMapping: 0.055585 ms MarkObjects: 1.652228 ms  DeleteObjects: 0.018298 ms)

========================================================================
Received Prepare
Registering precompiled user dll's ...
Registered in 0.003700 seconds.
Begin MonoManager ReloadAssembly
Native extension for OSXStandalone target not found
Native extension for WebGL target not found
Refreshing native plugins compatible for Editor in 0.45 ms, found 2 plugins.
Preloading 0 native plugins for Editor in 0.00 ms.
Mono: successfully reloaded assembly
- Completed reload, in  1.186 seconds
Platform modules already initialized, skipping
Refreshing native plugins compatible for Editor in 0.40 ms, found 2 plugins.
Preloading 0 native plugins for Editor in 0.00 ms.
Unloading 1487 Unused Serialized files (Serialized files now loaded: 0)
System memory in use before: 166.9 MB.
System memory in use after: 167.0 MB.

Unloading 26 unused Assets to reduce memory usage. Loaded Objects now: 2107.
Total: 1.889277 ms (FindLiveObjects: 0.171548 ms CreateObjectMapping: 0.046030 ms MarkObjects: 1.650823 ms  DeleteObjects: 0.020077 ms)

========================================================================
Received Prepare
Registering precompiled user dll's ...
Registered in 0.002090 seconds.
Begin MonoManager ReloadAssembly
Native extension for OSXStandalone target not found
Native extension for WebGL target not found
Refreshing native plugins compatible for Editor in 0.55 ms, found 2 plugins.
Preloading 0 native plugins for Editor in 0.00 ms.
Mono: successfully reloaded assembly
- Completed reload, in  1.851 seconds
Platform modules already initialized, skipping
Refreshing native plugins compatible for Editor in 0.44 ms, found 2 plugins.
Preloading 0 native plugins for Editor in 0.00 ms.
Unloading 1487 Unused Serialized files (Serialized files now loaded: 0)
System memory in use before: 167.0 MB.
System memory in use after: 167.2 MB.

Unloading 26 unused Assets to reduce memory usage. Loaded Objects now: 2110.
Total: 1.942676 ms (FindLiveObjects: 0.188256 ms CreateObjectMapping: 0.052478 ms MarkObjects: 1.682465 ms  DeleteObjects: 0.018739 ms)

========================================================================
Received Prepare
Registering precompiled user dll's ...
Registered in 0.002468 seconds.
Begin MonoManager ReloadAssembly
Native extension for OSXStandalone target not found
Native extension for WebGL target not found
Refreshing native plugins compatible for Editor in 0.46 ms, found 2 plugins.
Preloading 0 native plugins for Editor in 0.00 ms.
Mono: successfully reloaded assembly
- Completed reload, in  1.541 seconds
Platform modules already initialized, skipping
Refreshing native plugins compatible for Editor in 0.71 ms, found 2 plugins.
Preloading 0 native plugins for Editor in 0.00 ms.
Unloading 1487 Unused Serialized files (Serialized files now loaded: 0)
System memory in use before: 167.2 MB.
System memory in use after: 167.3 MB.

Unloading 26 unused Assets to reduce memory usage. Loaded Objects now: 2113.
Total: 2.735827 ms (FindLiveObjects: 0.235684 ms CreateObjectMapping: 0.084621 ms MarkObjects: 2.390536 ms  DeleteObjects: 0.023823 ms)

========================================================================
Received Prepare
Registering precompiled user dll's ...
Registered in 0.001628 seconds.
Begin MonoManager ReloadAssembly
Native extension for OSXStandalone target not found
Native extension for WebGL target not found
Refreshing native plugins compatible for Editor in 0.45 ms, found 2 plugins.
Preloading 0 native plugins for Editor in 0.00 ms.
Mono: successfully reloaded assembly
- Completed reload, in  1.234 seconds
Platform modules already initialized, skipping
Refreshing native plugins compatible for Editor in 0.40 ms, found 2 plugins.
Preloading 0 native plugins for Editor in 0.00 ms.
Unloading 1487 Unused Serialized files (Serialized files now loaded: 0)
System memory in use before: 167.4 MB.
System memory in use after: 167.5 MB.

Unloading 26 unused Assets to reduce memory usage. Loaded Objects now: 2116.
Total: 2.399793 ms (FindLiveObjects: 0.225129 ms CreateObjectMapping: 0.050558 ms MarkObjects: 2.103529 ms  DeleteObjects: 0.019560 ms)

========================================================================
Received Prepare
Registering precompiled user dll's ...
Registered in 0.001635 seconds.
Begin MonoManager ReloadAssembly
Native extension for OSXStandalone target not found
Native extension for WebGL target not found
Refreshing native plugins compatible for Editor in 0.43 ms, found 2 plugins.
Preloading 0 native plugins for Editor in 0.00 ms.
Mono: successfully reloaded assembly
- Completed reload, in  1.396 seconds
Platform modules already initialized, skipping
Refreshing native plugins compatible for Editor in 0.40 ms, found 2 plugins.
Preloading 0 native plugins for Editor in 0.00 ms.
Unloading 1487 Unused Serialized files (Serialized files now loaded: 0)
System memory in use before: 167.6 MB.
System memory in use after: 167.7 MB.

Unloading 26 unused Assets to reduce memory usage. Loaded Objects now: 2119.
Total: 1.924728 ms (FindLiveObjects: 0.184621 ms CreateObjectMapping: 0.052441 ms MarkObjects: 1.667026 ms  DeleteObjects: 0.019890 ms)

========================================================================
Received Prepare
Registering precompiled user dll's ...
Registered in 0.002157 seconds.
Begin MonoManager ReloadAssembly
Native extension for OSXStandalone target not found
Native extension for WebGL target not found
Refreshing native plugins compatible for Editor in 0.45 ms, found 2 plugins.
Preloading 0 native plugins for Editor in 0.00 ms.
Mono: successfully reloaded assembly
- Completed reload, in  1.261 seconds
Platform modules already initialized, skipping
Refreshing native plugins compatible for Editor in 0.38 ms, found 2 plugins.
Preloading 0 native plugins for Editor in 0.00 ms.
Unloading 1487 Unused Serialized files (Serialized files now loaded: 0)
System memory in use before: 167.7 MB.
System memory in use after: 167.8 MB.

Unloading 26 unused Assets to reduce memory usage. Loaded Objects now: 2122.
Total: 1.901611 ms (FindLiveObjects: 0.176567 ms CreateObjectMapping: 0.050898 ms MarkObjects: 1.654941 ms  DeleteObjects: 0.018350 ms)

========================================================================
Received Prepare
Registering precompiled user dll's ...
Registered in 0.004320 seconds.
Begin MonoManager ReloadAssembly
Native extension for OSXStandalone target not found
Native extension for WebGL target not found
Refreshing native plugins compatible for Editor in 0.70 ms, found 2 plugins.
Preloading 0 native plugins for Editor in 0.00 ms.
Mono: successfully reloaded assembly
- Completed reload, in  1.467 seconds
Platform modules already initialized, skipping
Refreshing native plugins compatible for Editor in 0.44 ms, found 2 plugins.
Preloading 0 native plugins for Editor in 0.00 ms.
Unloading 1487 Unused Serialized files (Serialized files now loaded: 0)
System memory in use before: 167.9 MB.
System memory in use after: 168.0 MB.

Unloading 26 unused Assets to reduce memory usage. Loaded Objects now: 2125.
Total: 2.604106 ms (FindLiveObjects: 0.226923 ms CreateObjectMapping: 0.054083 ms MarkObjects: 2.242403 ms  DeleteObjects: 0.078738 ms)

========================================================================
Received Prepare
Registering precompiled user dll's ...
Registered in 0.001561 seconds.
Begin MonoManager ReloadAssembly
Native extension for OSXStandalone target not found
Native extension for WebGL target not found
Refreshing native plugins compatible for Editor in 0.45 ms, found 2 plugins.
Preloading 0 native plugins for Editor in 0.00 ms.
Mono: successfully reloaded assembly
- Completed reload, in  1.232 seconds
Platform modules already initialized, skipping
Refreshing native plugins compatible for Editor in 0.40 ms, found 2 plugins.
Preloading 0 native plugins for Editor in 0.00 ms.
Unloading 1487 Unused Serialized files (Serialized files now loaded: 0)
System memory in use before: 168.1 MB.
System memory in use after: 168.2 MB.

Unloading 26 unused Assets to reduce memory usage. Loaded Objects now: 2128.
Total: 1.895415 ms (FindLiveObjects: 0.176800 ms CreateObjectMapping: 0.048087 ms MarkObjects: 1.651529 ms  DeleteObjects: 0.017919 ms)

========================================================================
Received Prepare
Registering precompiled user dll's ...
Registered in 0.002249 seconds.
Begin MonoManager ReloadAssembly
Native extension for OSXStandalone target not found
Native extension for WebGL target not found
Refreshing native plugins compatible for Editor in 0.45 ms, found 2 plugins.
Preloading 0 native plugins for Editor in 0.00 ms.
Mono: successfully reloaded assembly
- Completed reload, in  1.290 seconds
Platform modules already initialized, skipping
Refreshing native plugins compatible for Editor in 0.41 ms, found 2 plugins.
Preloading 0 native plugins for Editor in 0.00 ms.
Unloading 1487 Unused Serialized files (Serialized files now loaded: 0)
System memory in use before: 168.2 MB.
System memory in use after: 168.4 MB.

Unloading 26 unused Assets to reduce memory usage. Loaded Objects now: 2131.
Total: 2.361619 ms (FindLiveObjects: 0.187000 ms CreateObjectMapping: 0.050298 ms MarkObjects: 2.102008 ms  DeleteObjects: 0.021191 ms)

========================================================================
Received Prepare
Registering precompiled user dll's ...
Registered in 0.001612 seconds.
Begin MonoManager ReloadAssembly
Native extension for OSXStandalone target not found
Native extension for WebGL target not found
Refreshing native plugins compatible for Editor in 0.45 ms, found 2 plugins.
Preloading 0 native plugins for Editor in 0.00 ms.
Mono: successfully reloaded assembly
- Completed reload, in  1.242 seconds
Platform modules already initialized, skipping
Refreshing native plugins compatible for Editor in 0.47 ms, found 2 plugins.
Preloading 0 native plugins for Editor in 0.00 ms.
Unloading 1487 Unused Serialized files (Serialized files now loaded: 0)
System memory in use before: 168.4 MB.
System memory in use after: 168.5 MB.

Unloading 26 unused Assets to reduce memory usage. Loaded Objects now: 2134.
Total: 1.952116 ms (FindLiveObjects: 0.199416 ms CreateObjectMapping: 0.052787 ms MarkObjects: 1.672827 ms  DeleteObjects: 0.025839 ms)

========================================================================
Received Prepare
Registering precompiled user dll's ...
Registered in 0.001657 seconds.
Begin MonoManager ReloadAssembly
Native extension for OSXStandalone target not found
Native extension for WebGL target not found
Refreshing native plugins compatible for Editor in 0.46 ms, found 2 plugins.
Preloading 0 native plugins for Editor in 0.00 ms.
Mono: successfully reloaded assembly
- Completed reload, in  1.553 seconds
Platform modules already initialized, skipping
Refreshing native plugins compatible for Editor in 0.48 ms, found 2 plugins.
Preloading 0 native plugins for Editor in 0.00 ms.
Unloading 1487 Unused Serialized files (Serialized files now loaded: 0)
System memory in use before: 168.6 MB.
System memory in use after: 168.7 MB.

Unloading 26 unused Assets to reduce memory usage. Loaded Objects now: 2137.
Total: 2.122048 ms (FindLiveObjects: 0.182166 ms CreateObjectMapping: 0.046742 ms MarkObjects: 1.869077 ms  DeleteObjects: 0.022922 ms)

========================================================================
Received Prepare
Registering precompiled user dll's ...
Registered in 0.001654 seconds.
Begin MonoManager ReloadAssembly
Native extension for OSXStandalone target not found
Native extension for WebGL target not found
Refreshing native plugins compatible for Editor in 0.45 ms, found 2 plugins.
Preloading 0 native plugins for Editor in 0.00 ms.
Mono: successfully reloaded assembly
- Completed reload, in  1.239 seconds
Platform modules already initialized, skipping
Refreshing native plugins compatible for Editor in 0.39 ms, found 2 plugins.
Preloading 0 native plugins for Editor in 0.00 ms.
Unloading 1487 Unused Serialized files (Serialized files now loaded: 0)
System memory in use before: 168.8 MB.
System memory in use after: 168.9 MB.

Unloading 26 unused Assets to reduce memory usage. Loaded Objects now: 2140.
Total: 2.421932 ms (FindLiveObjects: 0.220426 ms CreateObjectMapping: 0.070780 ms MarkObjects: 2.112262 ms  DeleteObjects: 0.017572 ms)

========================================================================
Received Prepare
Registering precompiled user dll's ...
Registered in 0.001952 seconds.
Begin MonoManager ReloadAssembly
Native extension for OSXStandalone target not found
Native extension for WebGL target not found
Refreshing native plugins compatible for Editor in 0.43 ms, found 2 plugins.
Preloading 0 native plugins for Editor in 0.00 ms.
Mono: successfully reloaded assembly
- Completed reload, in  1.217 seconds
Platform modules already initialized, skipping
Refreshing native plugins compatible for Editor in 0.48 ms, found 2 plugins.
Preloading 0 native plugins for Editor in 0.00 ms.
Unloading 1487 Unused Serialized files (Serialized files now loaded: 0)
System memory in use before: 168.9 MB.
System memory in use after: 169.0 MB.

Unloading 26 unused Assets to reduce memory usage. Loaded Objects now: 2143.
Total: 1.960285 ms (FindLiveObjects: 0.205917 ms CreateObjectMapping: 0.051803 ms MarkObjects: 1.683868 ms  DeleteObjects: 0.017998 ms)

========================================================================
Received Import Request.
  Time since last request: 1740.319930 seconds.
  path: Assets/Scripts/Attachable.cs
  artifactKey: Guid(bee102a4719c54ee9839ceee00136f47) Importer(815301076,1909f56bfc062723c751e8b465ee728b)
Start importing Assets/Scripts/Attachable.cs using Guid(bee102a4719c54ee9839ceee00136f47) Importer(815301076,1909f56bfc062723c751e8b465ee728b)  -> (artifact id: 'ac552e79aa4802c8491625c3ec652cea') in 0.016277 seconds
  Import took 0.019958 seconds .

========================================================================
Received Prepare
Registering precompiled user dll's ...
Registered in 0.001836 seconds.
Begin MonoManager ReloadAssembly
Native extension for OSXStandalone target not found
Native extension for WebGL target not found
Refreshing native plugins compatible for Editor in 0.78 ms, found 2 plugins.
Preloading 0 native plugins for Editor in 0.00 ms.
Mono: successfully reloaded assembly
- Completed reload, in  1.315 seconds
Platform modules already initialized, skipping
Refreshing native plugins compatible for Editor in 0.43 ms, found 2 plugins.
Preloading 0 native plugins for Editor in 0.00 ms.
Unloading 1488 Unused Serialized files (Serialized files now loaded: 0)
System memory in use before: 169.1 MB.
System memory in use after: 169.2 MB.

Unloading 26 unused Assets to reduce memory usage. Loaded Objects now: 2147.
Total: 2.092594 ms (FindLiveObjects: 0.221563 ms CreateObjectMapping: 0.058905 ms MarkObjects: 1.788278 ms  DeleteObjects: 0.022778 ms)

========================================================================
Received Prepare
Registering precompiled user dll's ...
Registered in 0.003875 seconds.
Begin MonoManager ReloadAssembly
Native extension for OSXStandalone target not found
Native extension for WebGL target not found
Refreshing native plugins compatible for Editor in 0.69 ms, found 2 plugins.
Preloading 0 native plugins for Editor in 0.00 ms.
Mono: successfully reloaded assembly
- Completed reload, in  1.352 seconds
Platform modules already initialized, skipping
Refreshing native plugins compatible for Editor in 0.45 ms, found 2 plugins.
Preloading 0 native plugins for Editor in 0.00 ms.
Unloading 1488 Unused Serialized files (Serialized files now loaded: 0)
System memory in use before: 169.3 MB.
System memory in use after: 169.4 MB.

Unloading 26 unused Assets to reduce memory usage. Loaded Objects now: 2150.
Total: 3.375813 ms (FindLiveObjects: 0.208797 ms CreateObjectMapping: 0.055400 ms MarkObjects: 3.086527 ms  DeleteObjects: 0.023756 ms)

